Build started 3/6/2014 6:30:47 PM.
     1>Project "D:\Code\loopback-capture\ConcurrentDX\VisualStudio\ConcurrentDX.vcxproj" on node 2 (Build target(s)).
     1>C:\Program Files (x86)\MSBuild\Microsoft.Cpp\v4.0\V110\Microsoft.CppBuild.targets(346,5): warning MSB8004: Output Directory does not end with a trailing slash.  This build instance will add the slash as it is required to allow proper evaluation of the Output Directory.
     1>ClCompile:
         C:\Program Files (x86)\Microsoft Visual Studio 11.0\VC\bin\x86_amd64\CL.exe /c /Zi /nologo /W3 /WX- /O2 /Oi /GL /D WIN32 /D NDEBUG /D _LIB /D _UNICODE /D UNICODE /Gm- /EHsc /MD /GS /Gy /fp:precise /Zc:wchar_t /Zc:forScope /Fo"x64\Release\\" /Fd"x64\Release\vc110.pdb" /Gd /TP /errorReport:prompt ..\Mutex\Barrier.cpp ..\Mutex\CyclicSpinBarrier.cpp ..\Mutex\Mutex.cpp ..\Mutex\SpinBarrier.cpp ..\Mutex\SpinMutex.cpp ..\Mutex\SpinRecursiveMutex.cpp ..\Mutex\SpinRWMutex.cpp ..\Mutex\SpinYieldMutex.cpp ..\Mutex\StdLocks.cpp
         Barrier.cpp
         CyclicSpinBarrier.cpp
         Mutex.cpp
         SpinBarrier.cpp
         SpinMutex.cpp
         SpinRecursiveMutex.cpp
         SpinRWMutex.cpp
         SpinYieldMutex.cpp
         StdLocks.cpp
       Lib:
         C:\Program Files (x86)\Microsoft Visual Studio 11.0\VC\bin\x86_amd64\Lib.exe /OUT:"D:\Code\loopback-capture\ConcurrentDX\VisualStudio\\..\lib64\ConcurrentDX.lib" /NOLOGO /MACHINE:X64 /LTCG x64\Release\Barrier.obj
         x64\Release\CyclicSpinBarrier.obj
         x64\Release\Mutex.obj
         x64\Release\SpinBarrier.obj
         x64\Release\SpinMutex.obj
         x64\Release\SpinRecursiveMutex.obj
         x64\Release\SpinRWMutex.obj
         x64\Release\SpinYieldMutex.obj
         x64\Release\StdLocks.obj
         ConcurrentDX.vcxproj -> D:\Code\loopback-capture\ConcurrentDX\VisualStudio\\..\lib64\ConcurrentDX.lib
     1>Done Building Project "D:\Code\loopback-capture\ConcurrentDX\VisualStudio\ConcurrentDX.vcxproj" (Build target(s)).

Build succeeded.

Time Elapsed 00:00:02.61
