Build started 3/6/2014 6:31:03 PM.
     1>Project "D:\Code\loopback-capture\ConcurrentDX\VisualStudio\ConcurrentDX.vcxproj" on node 2 (Build target(s)).
     1>C:\Program Files (x86)\MSBuild\Microsoft.Cpp\v4.0\V110\Microsoft.CppBuild.targets(346,5): warning MSB8004: Output Directory does not end with a trailing slash.  This build instance will add the slash as it is required to allow proper evaluation of the Output Directory.
     1>ClCompile:
         C:\Program Files (x86)\Microsoft Visual Studio 11.0\VC\bin\CL.exe /c /ZI /nologo /W3 /WX- /Od /Oy- /D WIN32 /D _DEBUG /D _LIB /D _UNICODE /D UNICODE /Gm /EHsc /RTC1 /MDd /GS /fp:precise /Zc:wchar_t /Zc:forScope /Fo"Debug\\" /Fd"Debug\vc110.pdb" /Gd /TP /analyze- /errorReport:prompt ..\Mutex\Barrier.cpp ..\Mutex\CyclicSpinBarrier.cpp ..\Mutex\Mutex.cpp ..\Mutex\SpinBarrier.cpp ..\Mutex\SpinMutex.cpp ..\Mutex\SpinRecursiveMutex.cpp ..\Mutex\SpinRWMutex.cpp ..\Mutex\SpinYieldMutex.cpp ..\Mutex\StdLocks.cpp
         StdLocks.cpp
         SpinYieldMutex.cpp
         SpinRWMutex.cpp
         SpinRecursiveMutex.cpp
         SpinMutex.cpp
         SpinBarrier.cpp
         Mutex.cpp
         CyclicSpinBarrier.cpp
         Barrier.cpp
         Generating Code...
       Lib:
         C:\Program Files (x86)\Microsoft Visual Studio 11.0\VC\bin\Lib.exe /OUT:"D:\Code\loopback-capture\ConcurrentDX\VisualStudio\\..\lib32\ConcurrentDXD.lib" /NOLOGO Debug\Barrier.obj
         Debug\CyclicSpinBarrier.obj
         Debug\Mutex.obj
         Debug\SpinBarrier.obj
         Debug\SpinMutex.obj
         Debug\SpinRecursiveMutex.obj
         Debug\SpinRWMutex.obj
         Debug\SpinYieldMutex.obj
         Debug\StdLocks.obj
         ConcurrentDX.vcxproj -> D:\Code\loopback-capture\ConcurrentDX\VisualStudio\\..\lib32\ConcurrentDXD.lib
     1>Done Building Project "D:\Code\loopback-capture\ConcurrentDX\VisualStudio\ConcurrentDX.vcxproj" (Build target(s)).

Build succeeded.

Time Elapsed 00:00:03.30
