D:\CODE\LOOPBACK-CAPTURE\CONCURRENTDX\VISUALSTUDIO\X64\DEBUG\BARRIER.OBJ
D:\CODE\LOOPBACK-CAPTURE\CONCURRENTDX\VISUALSTUDIO\X64\DEBUG\CYCLICSPINBARRIER.OBJ
D:\CODE\LOOPBACK-CAPTURE\CONCURRENTDX\VISUALSTUDIO\X64\DEBUG\MUTEX.OBJ
D:\CODE\LOOPBACK-CAPTURE\CONCURRENTDX\VISUALSTUDIO\X64\DEBUG\SPINBARRIER.OBJ
D:\CODE\LOOPBACK-CAPTURE\CONCURRENTDX\VISUALSTUDIO\X64\DEBUG\SPINMUTEX.OBJ
D:\CODE\LOOPBACK-CAPTURE\CONCURRENTDX\VISUALSTUDIO\X64\DEBUG\SPINRECURSIVEMUTEX.OBJ
D:\CODE\LOOPBACK-CAPTURE\CONCURRENTDX\VISUALSTUDIO\X64\DEBUG\SPINRWMUTEX.OBJ
D:\CODE\LOOPBACK-CAPTURE\CONCURRENTDX\VISUALSTUDIO\X64\DEBUG\SPINYIELDMUTEX.OBJ
D:\CODE\LOOPBACK-CAPTURE\CONCURRENTDX\VISUALSTUDIO\X64\DEBUG\STDLOCKS.OBJ
D:\CODE\LOOPBACK-CAPTURE\CONCURRENTDX\VISUALSTUDIO\X64\DEBUG\VC110.PDB
D:\CODE\LOOPBACK-CAPTURE\LOOPBACK-CAPTURE\SOURCE\LOOPBACK-CAPTURE\X64\DEBUG\CONCURRENTDX.LIB
D:\Code\loopback-capture\ConcurrentDX\VisualStudio\x64\Debug\Barrier.obj
D:\Code\loopback-capture\ConcurrentDX\VisualStudio\x64\Debug\CyclicSpinBarrier.obj
D:\Code\loopback-capture\ConcurrentDX\VisualStudio\x64\Debug\Mutex.obj
D:\Code\loopback-capture\ConcurrentDX\VisualStudio\x64\Debug\SpinBarrier.obj
D:\Code\loopback-capture\ConcurrentDX\VisualStudio\x64\Debug\SpinMutex.obj
D:\Code\loopback-capture\ConcurrentDX\VisualStudio\x64\Debug\SpinRecursiveMutex.obj
D:\Code\loopback-capture\ConcurrentDX\VisualStudio\x64\Debug\SpinRWMutex.obj
D:\Code\loopback-capture\ConcurrentDX\VisualStudio\x64\Debug\SpinYieldMutex.obj
D:\Code\loopback-capture\ConcurrentDX\VisualStudio\x64\Debug\StdLocks.obj
D:\Code\loopback-capture\ConcurrentDX\VisualStudio\x64\Debug\cl.command.1.tlog
D:\Code\loopback-capture\ConcurrentDX\VisualStudio\x64\Debug\CL.read.1.tlog
D:\Code\loopback-capture\ConcurrentDX\VisualStudio\x64\Debug\CL.write.1.tlog
D:\Code\loopback-capture\ConcurrentDX\VisualStudio\x64\Debug\Lib-link.read.1.tlog
D:\Code\loopback-capture\ConcurrentDX\VisualStudio\x64\Debug\Lib-link.write.1.tlog
D:\Code\loopback-capture\ConcurrentDX\VisualStudio\x64\Debug\lib.command.1.tlog
D:\Code\loopback-capture\ConcurrentDX\VisualStudio\x64\Debug\vc110.idb
D:\Code\loopback-capture\ConcurrentDX\VisualStudio\x64\Debug\vc110.pdb
D:\Code\loopback-capture\loopback-capture\source\loopback-capture\x64\Debug\ConcurrentDX.lib
